intormobile_project/build/app/intermediates/manifest_merge_blame_file/debug/manifest-merger-blame-debug-report.txt
1<?xml version="1.0" encoding="utf-8"?>
2<manifest xmlns:android="http://schemas.android.com/apk/res/android"
3    package="com.example.intormobile_project"
4    android:versionCode="1"
5    android:versionName="1.0" >
6
7    <uses-sdk
8        android:minSdkVersion="21"
9        android:targetSdkVersion="34" />
10    <!--
11         The INTERNET permission is required for development. Specifically,
12         the Flutter tool needs it to communicate with the running application
13         to allow setting breakpoints, to provide hot reload, etc.
14    -->
15    <uses-permission android:name="android.permission.INTERNET" />
15-->src\debug\AndroidManifest.xml:6:5-66
15-->src\debug\AndroidManifest.xml:6:22-64
16    <!--
17     Required to query activities that can process text, see:
18         https://developer.android.com/training/package-visibility?hl=en and
19         https://developer.android.com/reference/android/content/Intent#ACTION_PROCESS_TEXT.
20
21         In particular, this is used by the Flutter engine in io.flutter.plugin.text.ProcessTextPlugin.
22    -->
23    <queries>
23-->src\main\AndroidManifest.xml:38:5-43:15
24        <intent>
24-->src\main\AndroidManifest.xml:39:9-42:18
25            <action android:name="android.intent.action.PROCESS_TEXT" />
25-->src\main\AndroidManifest.xml:40:13-72
25-->src\main\AndroidManifest.xml:40:21-70
26
27            <data android:mimeType="text/plain" />
27-->src\main\AndroidManifest.xml:41:13-50
27-->src\main\AndroidManifest.xml:41:19-48
28        </intent>
29        <intent>
29-->[:file_picker] AndroidManifest.xml:14:9-18:18
30            <action android:name="android.intent.action.GET_CONTENT" />
30-->[:file_picker] AndroidManifest.xml:15:13-72
30-->[:file_picker] AndroidManifest.xml:15:21-69
31
32            <data android:mimeType="*/*" />
32-->src\main\AndroidManifest.xml:41:13-50
32-->src\main\AndroidManifest.xml:41:19-48
33        </intent>
34    </queries>
35
36    <uses-permission
36-->[:file_picker] AndroidManifest.xml:9:5-11:38
37        android:name="android.permission.READ_EXTERNAL_STORAGE"
37-->[:file_picker] AndroidManifest.xml:10:9-64
38        android:maxSdkVersion="32" />
38-->[:file_picker] AndroidManifest.xml:11:9-35
39    <uses-permission android:name="android.permission.ACCESS_NETWORK_STATE" />
39-->[:firebase_analytics] AndroidManifest.xml:9:5-79
39-->[:firebase_analytics] AndroidManifest.xml:9:22-76
40    <uses-permission android:name="android.permission.WAKE_LOCK" /> <!-- Required by older versions of Google Play services to create IID tokens -->
40-->[:firebase_analytics] AndroidManifest.xml:11:5-68
40-->[:firebase_analytics] AndroidManifest.xml:11:22-65
41    <uses-permission android:name="com.google.android.c2dm.permission.RECEIVE" />
41-->[com.google.firebase:firebase-iid:21.1.0] AndroidManifest.xml:26:5-82
41-->[com.google.firebase:firebase-iid:21.1.0] AndroidManifest.xml:26:22-79
42    <uses-permission android:name="com.google.android.gms.permission.AD_ID" />
42-->[com.google.android.gms:play-services-measurement-api:21.5.0] AndroidManifest.xml:25:5-79
42-->[com.google.android.gms:play-services-measurement-api:21.5.0] AndroidManifest.xml:25:22-76
43    <uses-permission android:name="android.permission.ACCESS_ADSERVICES_ATTRIBUTION" />
43-->[com.google.android.gms:play-services-measurement-api:21.5.0] AndroidManifest.xml:26:5-88
43-->[com.google.android.gms:play-services-measurement-api:21.5.0] AndroidManifest.xml:26:22-85
44    <uses-permission android:name="android.permission.ACCESS_ADSERVICES_AD_ID" />
44-->[com.google.android.gms:play-services-measurement-api:21.5.0] AndroidManifest.xml:27:5-82
44-->[com.google.android.gms:play-services-measurement-api:21.5.0] AndroidManifest.xml:27:22-79
45    <uses-permission android:name="com.google.android.providers.gsf.permission.READ_GSERVICES" />
45-->[com.google.android.recaptcha:recaptcha:18.4.0] AndroidManifest.xml:9:5-98
45-->[com.google.android.recaptcha:recaptcha:18.4.0] AndroidManifest.xml:9:22-95
46    <uses-permission android:name="com.google.android.finsky.permission.BIND_GET_INSTALL_REFERRER_SERVICE" />
46-->[com.google.android.gms:play-services-measurement:21.5.0] AndroidManifest.xml:26:5-110
46-->[com.google.android.gms:play-services-measurement:21.5.0] AndroidManifest.xml:26:22-107
47
48    <permission
48-->[androidx.core:core:1.10.1] AndroidManifest.xml:22:5-24:47
49        android:name="com.example.intormobile_project.DYNAMIC_RECEIVER_NOT_EXPORTED_PERMISSION"
49-->[androidx.core:core:1.10.1] AndroidManifest.xml:23:9-81
50        android:protectionLevel="signature" />
50-->[androidx.core:core:1.10.1] AndroidManifest.xml:24:9-44
51
52    <uses-permission android:name="com.example.intormobile_project.DYNAMIC_RECEIVER_NOT_EXPORTED_PERMISSION" />
52-->[androidx.core:core:1.10.1] AndroidManifest.xml:26:5-97
52-->[androidx.core:core:1.10.1] AndroidManifest.xml:26:22-94
53
54    <application
55        android:name="android.app.Application"
56        android:appComponentFactory="androidx.core.app.CoreComponentFactory"
56-->[androidx.core:core:1.10.1] AndroidManifest.xml:28:18-86
57        android:debuggable="true"
58        android:icon="@mipmap/ic_launcher"
59        android:label="intormobile_project" >
60        <activity
61            android:name="com.example.intormobile_project.MainActivity"
62            android:configChanges="orientation|keyboardHidden|keyboard|screenSize|smallestScreenSize|locale|layoutDirection|fontScale|screenLayout|density|uiMode"
63            android:exported="true"
64            android:hardwareAccelerated="true"
65            android:launchMode="singleTop"
66            android:theme="@style/LaunchTheme"
67            android:windowSoftInputMode="adjustResize" >
68
69            <!--
70                 Specifies an Android theme to apply to this Activity as soon as
71                 the Android process has started. This theme is visible to the user
72                 while the Flutter UI initializes. After that, this theme continues
73                 to determine the Window background behind the Flutter UI.
74            -->
75            <meta-data
76                android:name="io.flutter.embedding.android.NormalTheme"
77                android:resource="@style/NormalTheme" />
78
79            <intent-filter>
80                <action android:name="android.intent.action.MAIN" />
81
82                <category android:name="android.intent.category.LAUNCHER" />
83            </intent-filter>
84        </activity>
85        <!--
86             Don't delete the meta-data below.
87             This is used by the Flutter tool to generate GeneratedPluginRegistrant.java
88        -->
89        <meta-data
90            android:name="flutterEmbedding"
91            android:value="2" />
92
93        <service
93-->[:cloud_firestore] AndroidManifest.xml:10:9-14:19
94            android:name="com.google.firebase.components.ComponentDiscoveryService"
94-->[:cloud_firestore] AndroidManifest.xml:10:18-89
95            android:directBootAware="true"
95-->[com.google.firebase:firebase-common:20.4.2] AndroidManifest.xml:32:13-43
96            android:exported="false" >
96-->[com.google.firebase:firebase-perf:20.5.1] AndroidManifest.xml:13:13-37
97            <meta-data
97-->[:cloud_firestore] AndroidManifest.xml:11:13-13:85
98                android:name="com.google.firebase.components:io.flutter.plugins.firebase.firestore.FlutterFirebaseFirestoreRegistrar"
98-->[:cloud_firestore] AndroidManifest.xml:12:17-134
99                android:value="com.google.firebase.components.ComponentRegistrar" />
99-->[:cloud_firestore] AndroidManifest.xml:13:17-82
100            <meta-data
100-->[:cloud_functions] AndroidManifest.xml:11:13-13:85
101                android:name="com.google.firebase.components:io.flutter.plugins.firebase.functions.FlutterFirebaseAppRegistrar"
101-->[:cloud_functions] AndroidManifest.xml:12:17-128
102                android:value="com.google.firebase.components.ComponentRegistrar" />
102-->[:cloud_functions] AndroidManifest.xml:13:17-82
103            <meta-data
103-->[:firebase_analytics] AndroidManifest.xml:15:13-17:85
104                android:name="com.google.firebase.components:io.flutter.plugins.firebase.analytics.FlutterFirebaseAppRegistrar"
104-->[:firebase_analytics] AndroidManifest.xml:16:17-128
105                android:value="com.google.firebase.components.ComponentRegistrar" />
105-->[:firebase_analytics] AndroidManifest.xml:17:17-82
106            <meta-data
106-->[:firebase_auth] AndroidManifest.xml:11:13-13:85
107                android:name="com.google.firebase.components:io.flutter.plugins.firebase.auth.FlutterFirebaseAuthRegistrar"
107-->[:firebase_auth] AndroidManifest.xml:12:17-124
108                android:value="com.google.firebase.components.ComponentRegistrar" />
108-->[:firebase_auth] AndroidManifest.xml:13:17-82
109            <meta-data
109-->[:firebase_performance] AndroidManifest.xml:13:13-15:85
110                android:name="com.google.firebase.components:io.flutter.plugins.firebase.performance.FlutterFirebaseAppRegistrar"
110-->[:firebase_performance] AndroidManifest.xml:14:17-130
111                android:value="com.google.firebase.components.ComponentRegistrar" />
111-->[:firebase_performance] AndroidManifest.xml:15:17-82
112            <meta-data
112-->[:firebase_storage] AndroidManifest.xml:11:13-13:85
113                android:name="com.google.firebase.components:io.flutter.plugins.firebase.storage.FlutterFirebaseAppRegistrar"
113-->[:firebase_storage] AndroidManifest.xml:12:17-126
114                android:value="com.google.firebase.components.ComponentRegistrar" />
114-->[:firebase_storage] AndroidManifest.xml:13:17-82
115            <meta-data
115-->[:firebase_core] AndroidManifest.xml:11:13-13:85
116                android:name="com.google.firebase.components:io.flutter.plugins.firebase.core.FlutterFirebaseCoreRegistrar"
116-->[:firebase_core] AndroidManifest.xml:12:17-124
117                android:value="com.google.firebase.components.ComponentRegistrar" />
117-->[:firebase_core] AndroidManifest.xml:13:17-82
118            <meta-data
118-->[com.google.firebase:firebase-perf:20.5.1] AndroidManifest.xml:14:13-16:85
119                android:name="com.google.firebase.components:com.google.firebase.perf.FirebasePerfKtxRegistrar"
119-->[com.google.firebase:firebase-perf:20.5.1] AndroidManifest.xml:15:17-112
120                android:value="com.google.firebase.components.ComponentRegistrar" />
120-->[com.google.firebase:firebase-perf:20.5.1] AndroidManifest.xml:16:17-82
121            <meta-data
121-->[com.google.firebase:firebase-perf:20.5.1] AndroidManifest.xml:17:13-19:85
122                android:name="com.google.firebase.components:com.google.firebase.perf.FirebasePerfRegistrar"
122-->[com.google.firebase:firebase-perf:20.5.1] AndroidManifest.xml:18:17-109
123                android:value="com.google.firebase.components.ComponentRegistrar" />
123-->[com.google.firebase:firebase-perf:20.5.1] AndroidManifest.xml:19:17-82
124            <meta-data
124-->[com.google.firebase:firebase-auth:22.3.1] AndroidManifest.xml:69:13-71:85
125                android:name="com.google.firebase.components:com.google.firebase.auth.FirebaseAuthRegistrar"
125-->[com.google.firebase:firebase-auth:22.3.1] AndroidManifest.xml:70:17-109
126                android:value="com.google.firebase.components.ComponentRegistrar" />
126-->[com.google.firebase:firebase-auth:22.3.1] AndroidManifest.xml:71:17-82
127            <meta-data
127-->[com.google.firebase:firebase-functions:20.4.0] AndroidManifest.xml:15:13-17:85
128                android:name="com.google.firebase.components:com.google.firebase.functions.FirebaseFunctionsKtxRegistrar"
128-->[com.google.firebase:firebase-functions:20.4.0] AndroidManifest.xml:16:17-122
129                android:value="com.google.firebase.components.ComponentRegistrar" />
129-->[com.google.firebase:firebase-functions:20.4.0] AndroidManifest.xml:17:17-82
130            <meta-data
130-->[com.google.firebase:firebase-functions:20.4.0] AndroidManifest.xml:18:13-20:85
131                android:name="com.google.firebase.components:com.google.firebase.functions.FunctionsRegistrar"
131-->[com.google.firebase:firebase-functions:20.4.0] AndroidManifest.xml:19:17-111
132                android:value="com.google.firebase.components.ComponentRegistrar" />
132-->[com.google.firebase:firebase-functions:20.4.0] AndroidManifest.xml:20:17-82
133            <meta-data
133-->[com.google.firebase:firebase-firestore:24.10.1] AndroidManifest.xml:17:13-19:85
134                android:name="com.google.firebase.components:com.google.firebase.firestore.FirebaseFirestoreKtxRegistrar"
134-->[com.google.firebase:firebase-firestore:24.10.1] AndroidManifest.xml:18:17-122
135                android:value="com.google.firebase.components.ComponentRegistrar" />
135-->[com.google.firebase:firebase-firestore:24.10.1] AndroidManifest.xml:19:17-82
136            <meta-data
136-->[com.google.firebase:firebase-firestore:24.10.1] AndroidManifest.xml:20:13-22:85
137                android:name="com.google.firebase.components:com.google.firebase.firestore.FirestoreRegistrar"
137-->[com.google.firebase:firebase-firestore:24.10.1] AndroidManifest.xml:21:17-111
138                android:value="com.google.firebase.components.ComponentRegistrar" />
138-->[com.google.firebase:firebase-firestore:24.10.1] AndroidManifest.xml:22:17-82
139            <meta-data
139-->[com.google.firebase:firebase-storage:20.3.0] AndroidManifest.xml:30:13-32:85
140                android:name="com.google.firebase.components:com.google.firebase.storage.FirebaseStorageKtxRegistrar"
140-->[com.google.firebase:firebase-storage:20.3.0] AndroidManifest.xml:31:17-118
141                android:value="com.google.firebase.components.ComponentRegistrar" />
141-->[com.google.firebase:firebase-storage:20.3.0] AndroidManifest.xml:32:17-82
142            <meta-data
142-->[com.google.firebase:firebase-storage:20.3.0] AndroidManifest.xml:33:13-35:85
143                android:name="com.google.firebase.components:com.google.firebase.storage.StorageRegistrar"
143-->[com.google.firebase:firebase-storage:20.3.0] AndroidManifest.xml:34:17-107
144                android:value="com.google.firebase.components.ComponentRegistrar" />
144-->[com.google.firebase:firebase-storage:20.3.0] AndroidManifest.xml:35:17-82
145            <meta-data
145-->[com.google.firebase:firebase-config:21.6.0] AndroidManifest.xml:29:13-31:85
146                android:name="com.google.firebase.components:com.google.firebase.remoteconfig.FirebaseRemoteConfigKtxRegistrar"
146-->[com.google.firebase:firebase-config:21.6.0] AndroidManifest.xml:30:17-128
147                android:value="com.google.firebase.components.ComponentRegistrar" />
147-->[com.google.firebase:firebase-config:21.6.0] AndroidManifest.xml:31:17-82
148            <meta-data
148-->[com.google.firebase:firebase-config:21.6.0] AndroidManifest.xml:32:13-34:85
149                android:name="com.google.firebase.components:com.google.firebase.remoteconfig.RemoteConfigRegistrar"
149-->[com.google.firebase:firebase-config:21.6.0] AndroidManifest.xml:33:17-117
150                android:value="com.google.firebase.components.ComponentRegistrar" />
150-->[com.google.firebase:firebase-config:21.6.0] AndroidManifest.xml:34:17-82
151            <meta-data
151-->[com.google.firebase:firebase-sessions:1.2.0] AndroidManifest.xml:29:13-31:85
152                android:name="com.google.firebase.components:com.google.firebase.sessions.FirebaseSessionsRegistrar"
152-->[com.google.firebase:firebase-sessions:1.2.0] AndroidManifest.xml:30:17-117
153                android:value="com.google.firebase.components.ComponentRegistrar" />
153-->[com.google.firebase:firebase-sessions:1.2.0] AndroidManifest.xml:31:17-82
154            <meta-data
154-->[com.google.firebase:firebase-iid:21.1.0] AndroidManifest.xml:32:13-34:85
155                android:name="com.google.firebase.components:com.google.firebase.iid.Registrar"
155-->[com.google.firebase:firebase-iid:21.1.0] AndroidManifest.xml:33:17-96
156                android:value="com.google.firebase.components.ComponentRegistrar" />
156-->[com.google.firebase:firebase-iid:21.1.0] AndroidManifest.xml:34:17-82
157            <meta-data
157-->[com.google.android.gms:play-services-measurement-api:21.5.0] AndroidManifest.xml:37:13-39:85
158                android:name="com.google.firebase.components:com.google.firebase.analytics.connector.internal.AnalyticsConnectorRegistrar"
158-->[com.google.android.gms:play-services-measurement-api:21.5.0] AndroidManifest.xml:38:17-139
159                android:value="com.google.firebase.components.ComponentRegistrar" />
159-->[com.google.android.gms:play-services-measurement-api:21.5.0] AndroidManifest.xml:39:17-82
160            <meta-data
160-->[com.google.firebase:firebase-installations:17.2.0] AndroidManifest.xml:15:13-17:85
161                android:name="com.google.firebase.components:com.google.firebase.installations.FirebaseInstallationsKtxRegistrar"
161-->[com.google.firebase:firebase-installations:17.2.0] AndroidManifest.xml:16:17-130
162                android:value="com.google.firebase.components.ComponentRegistrar" />
162-->[com.google.firebase:firebase-installations:17.2.0] AndroidManifest.xml:17:17-82
163            <meta-data
163-->[com.google.firebase:firebase-installations:17.2.0] AndroidManifest.xml:18:13-20:85
164                android:name="com.google.firebase.components:com.google.firebase.installations.FirebaseInstallationsRegistrar"
164-->[com.google.firebase:firebase-installations:17.2.0] AndroidManifest.xml:19:17-127
165                android:value="com.google.firebase.components.ComponentRegistrar" />
165-->[com.google.firebase:firebase-installations:17.2.0] AndroidManifest.xml:20:17-82
166            <meta-data
166-->[com.google.firebase:firebase-appcheck:17.1.1] AndroidManifest.xml:25:13-27:85
167                android:name="com.google.firebase.components:com.google.firebase.appcheck.FirebaseAppCheckKtxRegistrar"
167-->[com.google.firebase:firebase-appcheck:17.1.1] AndroidManifest.xml:26:17-120
168                android:value="com.google.firebase.components.ComponentRegistrar" />
168-->[com.google.firebase:firebase-appcheck:17.1.1] AndroidManifest.xml:27:17-82
169            <meta-data
169-->[com.google.firebase:firebase-appcheck:17.1.1] AndroidManifest.xml:28:13-30:85
170                android:name="com.google.firebase.components:com.google.firebase.appcheck.FirebaseAppCheckRegistrar"
170-->[com.google.firebase:firebase-appcheck:17.1.1] AndroidManifest.xml:29:17-117
171                android:value="com.google.firebase.components.ComponentRegistrar" />
171-->[com.google.firebase:firebase-appcheck:17.1.1] AndroidManifest.xml:30:17-82
172            <meta-data
172-->[com.google.firebase:firebase-common-ktx:20.4.2] AndroidManifest.xml:12:13-14:85
173                android:name="com.google.firebase.components:com.google.firebase.ktx.FirebaseCommonLegacyRegistrar"
173-->[com.google.firebase:firebase-common-ktx:20.4.2] AndroidManifest.xml:13:17-116
174                android:value="com.google.firebase.components.ComponentRegistrar" />
174-->[com.google.firebase:firebase-common-ktx:20.4.2] AndroidManifest.xml:14:17-82
175            <meta-data
175-->[com.google.firebase:firebase-common:20.4.2] AndroidManifest.xml:35:13-37:85
176                android:name="com.google.firebase.components:com.google.firebase.FirebaseCommonKtxRegistrar"
176-->[com.google.firebase:firebase-common:20.4.2] AndroidManifest.xml:36:17-109
177                android:value="com.google.firebase.components.ComponentRegistrar" />
177-->[com.google.firebase:firebase-common:20.4.2] AndroidManifest.xml:37:17-82
178            <meta-data
178-->[com.google.firebase:firebase-abt:21.1.1] AndroidManifest.xml:12:13-14:85
179                android:name="com.google.firebase.components:com.google.firebase.abt.component.AbtRegistrar"
179-->[com.google.firebase:firebase-abt:21.1.1] AndroidManifest.xml:13:17-109
180                android:value="com.google.firebase.components.ComponentRegistrar" />
180-->[com.google.firebase:firebase-abt:21.1.1] AndroidManifest.xml:14:17-82
181            <meta-data
181-->[com.google.firebase:firebase-datatransport:18.1.8] AndroidManifest.xml:27:13-29:85
182                android:name="com.google.firebase.components:com.google.firebase.datatransport.TransportRegistrar"
182-->[com.google.firebase:firebase-datatransport:18.1.8] AndroidManifest.xml:28:17-115
183                android:value="com.google.firebase.components.ComponentRegistrar" />
183-->[com.google.firebase:firebase-datatransport:18.1.8] AndroidManifest.xml:29:17-82
184        </service>
185
186        <provider
186-->[:image_picker_android] AndroidManifest.xml:10:9-18:20
187            android:name="io.flutter.plugins.imagepicker.ImagePickerFileProvider"
187-->[:image_picker_android] AndroidManifest.xml:11:13-82
188            android:authorities="com.example.intormobile_project.flutter.image_provider"
188-->[:image_picker_android] AndroidManifest.xml:12:13-74
189            android:exported="false"
189-->[:image_picker_android] AndroidManifest.xml:13:13-37
190            android:grantUriPermissions="true" >
190-->[:image_picker_android] AndroidManifest.xml:14:13-47
191            <meta-data
191-->[:image_picker_android] AndroidManifest.xml:15:13-17:75
192                android:name="android.support.FILE_PROVIDER_PATHS"
192-->[:image_picker_android] AndroidManifest.xml:16:17-67
193                android:resource="@xml/flutter_image_picker_file_paths" />
193-->[:image_picker_android] AndroidManifest.xml:17:17-72
194        </provider>
195
196        <activity
196-->[:url_launcher_android] AndroidManifest.xml:10:9-13:74
197            android:name="io.flutter.plugins.urllauncher.WebViewActivity"
197-->[:url_launcher_android] AndroidManifest.xml:11:13-74
198            android:exported="false"
198-->[:url_launcher_android] AndroidManifest.xml:12:13-37
199            android:theme="@android:style/Theme.NoTitleBar.Fullscreen" />
199-->[:url_launcher_android] AndroidManifest.xml:13:13-71
200        <activity
200-->[com.google.android.gms:play-services-auth:20.7.0] AndroidManifest.xml:23:9-27:75
201            android:name="com.google.android.gms.auth.api.signin.internal.SignInHubActivity"
201-->[com.google.android.gms:play-services-auth:20.7.0] AndroidManifest.xml:24:13-93
202            android:excludeFromRecents="true"
202-->[com.google.android.gms:play-services-auth:20.7.0] AndroidManifest.xml:25:13-46
203            android:exported="false"
203-->[com.google.android.gms:play-services-auth:20.7.0] AndroidManifest.xml:26:13-37
204            android:theme="@android:style/Theme.Translucent.NoTitleBar" />
204-->[com.google.android.gms:play-services-auth:20.7.0] AndroidManifest.xml:27:13-72
205        <!--
206            Service handling Google Sign-In user revocation. For apps that do not integrate with
207            Google Sign-In, this service will never be started.
208        -->
209        <service
209-->[com.google.android.gms:play-services-auth:20.7.0] AndroidManifest.xml:33:9-37:51
210            android:name="com.google.android.gms.auth.api.signin.RevocationBoundService"
210-->[com.google.android.gms:play-services-auth:20.7.0] AndroidManifest.xml:34:13-89
211            android:exported="true"
211-->[com.google.android.gms:play-services-auth:20.7.0] AndroidManifest.xml:35:13-36
212            android:permission="com.google.android.gms.auth.api.signin.permission.REVOCATION_NOTIFICATION"
212-->[com.google.android.gms:play-services-auth:20.7.0] AndroidManifest.xml:36:13-107
213            android:visibleToInstantApps="true" />
213-->[com.google.android.gms:play-services-auth:20.7.0] AndroidManifest.xml:37:13-48
214
215        <activity
215-->[com.google.firebase:firebase-auth:22.3.1] AndroidManifest.xml:29:9-46:20
216            android:name="com.google.firebase.auth.internal.GenericIdpActivity"
216-->[com.google.firebase:firebase-auth:22.3.1] AndroidManifest.xml:30:13-80
217            android:excludeFromRecents="true"
217-->[com.google.firebase:firebase-auth:22.3.1] AndroidManifest.xml:31:13-46
218            android:exported="true"
218-->[com.google.firebase:firebase-auth:22.3.1] AndroidManifest.xml:32:13-36
219            android:launchMode="singleTask"
219-->[com.google.firebase:firebase-auth:22.3.1] AndroidManifest.xml:33:13-44
220            android:theme="@android:style/Theme.Translucent.NoTitleBar" >
220-->[com.google.firebase:firebase-auth:22.3.1] AndroidManifest.xml:34:13-72
221            <intent-filter>
221-->[com.google.firebase:firebase-auth:22.3.1] AndroidManifest.xml:35:13-45:29
222                <action android:name="android.intent.action.VIEW" />
222-->[com.google.firebase:firebase-auth:22.3.1] AndroidManifest.xml:36:17-69
222-->[com.google.firebase:firebase-auth:22.3.1] AndroidManifest.xml:36:25-66
223
224                <category android:name="android.intent.category.DEFAULT" />
224-->[com.google.firebase:firebase-auth:22.3.1] AndroidManifest.xml:38:17-76
224-->[com.google.firebase:firebase-auth:22.3.1] AndroidManifest.xml:38:27-73
225                <category android:name="android.intent.category.BROWSABLE" />
225-->[com.google.firebase:firebase-auth:22.3.1] AndroidManifest.xml:39:17-78
225-->[com.google.firebase:firebase-auth:22.3.1] AndroidManifest.xml:39:27-75
226
227                <data
227-->src\main\AndroidManifest.xml:41:13-50
228                    android:host="firebase.auth"
229                    android:path="/"
230                    android:scheme="genericidp" />
231            </intent-filter>
232        </activity>
233        <activity
233-->[com.google.firebase:firebase-auth:22.3.1] AndroidManifest.xml:47:9-64:20
234            android:name="com.google.firebase.auth.internal.RecaptchaActivity"
234-->[com.google.firebase:firebase-auth:22.3.1] AndroidManifest.xml:48:13-79
235            android:excludeFromRecents="true"
235-->[com.google.firebase:firebase-auth:22.3.1] AndroidManifest.xml:49:13-46
236            android:exported="true"
236-->[com.google.firebase:firebase-auth:22.3.1] AndroidManifest.xml:50:13-36
237            android:launchMode="singleTask"
237-->[com.google.firebase:firebase-auth:22.3.1] AndroidManifest.xml:51:13-44
238            android:theme="@android:style/Theme.Translucent.NoTitleBar" >
238-->[com.google.firebase:firebase-auth:22.3.1] AndroidManifest.xml:52:13-72
239            <intent-filter>
239-->[com.google.firebase:firebase-auth:22.3.1] AndroidManifest.xml:53:13-63:29
240                <action android:name="android.intent.action.VIEW" />
240-->[com.google.firebase:firebase-auth:22.3.1] AndroidManifest.xml:36:17-69
240-->[com.google.firebase:firebase-auth:22.3.1] AndroidManifest.xml:36:25-66
241
242                <category android:name="android.intent.category.DEFAULT" />
242-->[com.google.firebase:firebase-auth:22.3.1] AndroidManifest.xml:38:17-76
242-->[com.google.firebase:firebase-auth:22.3.1] AndroidManifest.xml:38:27-73
243                <category android:name="android.intent.category.BROWSABLE" />
243-->[com.google.firebase:firebase-auth:22.3.1] AndroidManifest.xml:39:17-78
243-->[com.google.firebase:firebase-auth:22.3.1] AndroidManifest.xml:39:27-75
244
245                <data
245-->src\main\AndroidManifest.xml:41:13-50
246                    android:host="firebase.auth"
247                    android:path="/"
248                    android:scheme="recaptcha" />
249            </intent-filter>
250        </activity>
251
252        <service
252-->[com.google.firebase:firebase-sessions:1.2.0] AndroidManifest.xml:22:9-25:40
253            android:name="com.google.firebase.sessions.SessionLifecycleService"
253-->[com.google.firebase:firebase-sessions:1.2.0] AndroidManifest.xml:23:13-80
254            android:enabled="true"
254-->[com.google.firebase:firebase-sessions:1.2.0] AndroidManifest.xml:24:13-35
255            android:exported="false" />
255-->[com.google.firebase:firebase-sessions:1.2.0] AndroidManifest.xml:25:13-37
256
257        <property
257-->[com.google.android.gms:play-services-measurement-api:21.5.0] AndroidManifest.xml:30:9-32:61
258            android:name="android.adservices.AD_SERVICES_CONFIG"
258-->[com.google.android.gms:play-services-measurement-api:21.5.0] AndroidManifest.xml:31:13-65
259            android:resource="@xml/ga_ad_services_config" />
259-->[com.google.android.gms:play-services-measurement-api:21.5.0] AndroidManifest.xml:32:13-58
260
261        <provider
261-->[com.google.firebase:firebase-common:20.4.2] AndroidManifest.xml:23:9-28:39
262            android:name="com.google.firebase.provider.FirebaseInitProvider"
262-->[com.google.firebase:firebase-common:20.4.2] AndroidManifest.xml:24:13-77
263            android:authorities="com.example.intormobile_project.firebaseinitprovider"
263-->[com.google.firebase:firebase-common:20.4.2] AndroidManifest.xml:25:13-72
264            android:directBootAware="true"
264-->[com.google.firebase:firebase-common:20.4.2] AndroidManifest.xml:26:13-43
265            android:exported="false"
265-->[com.google.firebase:firebase-common:20.4.2] AndroidManifest.xml:27:13-37
266            android:initOrder="100" />
266-->[com.google.firebase:firebase-common:20.4.2] AndroidManifest.xml:28:13-36
267
268        <activity
268-->[com.google.android.gms:play-services-base:18.1.0] AndroidManifest.xml:20:9-22:45
269            android:name="com.google.android.gms.common.api.GoogleApiActivity"
269-->[com.google.android.gms:play-services-base:18.1.0] AndroidManifest.xml:20:19-85
270            android:exported="false"
270-->[com.google.android.gms:play-services-base:18.1.0] AndroidManifest.xml:22:19-43
271            android:theme="@android:style/Theme.Translucent.NoTitleBar" />
271-->[com.google.android.gms:play-services-base:18.1.0] AndroidManifest.xml:21:19-78
272
273        <provider